<?xml version="1.0" encoding="UTF-8"?>
<!-- Generated by org.testng.reporters.JUnitReportReporter -->
<testsuite hostname="Bibhutis-MacBook-Air.local" name="org.ivymobility.com.UserMaster.vfhg" tests="1" failures="0" timestamp="6 Aug 2017 17:14:59 GMT" time="21.720" errors="0">
  <testcase name="UM_LL_TC_01" time="21.720" classname="org.ivymobility.com.UserMaster.vfhg"/>
</testsuite> <!-- org.ivymobility.com.UserMaster.vfhg -->
