<?xml version="1.0" encoding="UTF-8"?>
<!-- Generated by org.testng.reporters.JUnitReportReporter -->
<testsuite hostname="Bibhutis-MacBook-Air.local" name="org.ivymobility.com.UserMaster.UM_LL_TC_01ToVerifyTheLocationScreenLoadsAsPerTheSpecification" tests="1" failures="0" timestamp="14 Oct 2017 06:33:57 GMT" time="0.002" errors="1">
  <testcase name="UM_LL_TC_01" time="0.002" classname="org.ivymobility.com.UserMaster.UM_LL_TC_01ToVerifyTheLocationScreenLoadsAsPerTheSpecification"/>
</testsuite> <!-- org.ivymobility.com.UserMaster.UM_LL_TC_01ToVerifyTheLocationScreenLoadsAsPerTheSpecification -->
